C:\USERS\IVAN.STARODUBTSEV\DESKTOP\BALL_PATH_WIN\DEBUG\BALL_PATH.EXE
C:\USERS\IVAN.STARODUBTSEV\DESKTOP\BALL_PATH_WIN\DEBUG\BALL_PATH.EXE.EMBED.MANIFEST
C:\USERS\IVAN.STARODUBTSEV\DESKTOP\BALL_PATH_WIN\DEBUG\BALL_PATH.EXE.EMBED.MANIFEST.RES
C:\USERS\IVAN.STARODUBTSEV\DESKTOP\BALL_PATH_WIN\DEBUG\BALL_PATH.EXE.INTERMEDIATE.MANIFEST
C:\USERS\IVAN.STARODUBTSEV\DESKTOP\BALL_PATH_WIN\DEBUG\BALL_PATH.ILK
C:\USERS\IVAN.STARODUBTSEV\DESKTOP\BALL_PATH_WIN\DEBUG\BALL_PATH.PDB
C:\Users\ivan.starodubtsev\Desktop\ball_path_win\Debug\ball_path.vcxprojResolveAssemblyReference.cache
C:\Users\ivan.starodubtsev\Desktop\ball_path_win\Debug\ball_path.write.1.tlog
C:\Users\ivan.starodubtsev\Desktop\ball_path_win\Debug\ball_path_manifest.rc
C:\Users\ivan.starodubtsev\Desktop\ball_path_win\Debug\cl.command.1.tlog
C:\Users\ivan.starodubtsev\Desktop\ball_path_win\Debug\CL.read.1.tlog
C:\Users\ivan.starodubtsev\Desktop\ball_path_win\Debug\CL.write.1.tlog
C:\USERS\IVAN.STARODUBTSEV\DESKTOP\BALL_PATH_WIN\DEBUG\FIND_BALL_PATH.OBJ
C:\USERS\IVAN.STARODUBTSEV\DESKTOP\BALL_PATH_WIN\DEBUG\FREE_DMAP.OBJ
C:\Users\ivan.starodubtsev\Desktop\ball_path_win\Debug\link.7904.read.1.tlog
C:\Users\ivan.starodubtsev\Desktop\ball_path_win\Debug\link.7904.write.1.tlog
C:\Users\ivan.starodubtsev\Desktop\ball_path_win\Debug\link.7904-cvtres.read.1.tlog
C:\Users\ivan.starodubtsev\Desktop\ball_path_win\Debug\link.7904-cvtres.write.1.tlog
C:\Users\ivan.starodubtsev\Desktop\ball_path_win\Debug\link.command.1.tlog
C:\Users\ivan.starodubtsev\Desktop\ball_path_win\Debug\link.read.1.tlog
C:\Users\ivan.starodubtsev\Desktop\ball_path_win\Debug\link.write.1.tlog
C:\Users\ivan.starodubtsev\Desktop\ball_path_win\Debug\link-cvtres.read.1.tlog
C:\Users\ivan.starodubtsev\Desktop\ball_path_win\Debug\link-cvtres.write.1.tlog
C:\USERS\IVAN.STARODUBTSEV\DESKTOP\BALL_PATH_WIN\DEBUG\MAIN.OBJ
C:\Users\ivan.starodubtsev\Desktop\ball_path_win\Debug\mt.command.1.tlog
C:\Users\ivan.starodubtsev\Desktop\ball_path_win\Debug\mt.read.1.tlog
C:\Users\ivan.starodubtsev\Desktop\ball_path_win\Debug\mt.write.1.tlog
C:\USERS\IVAN.STARODUBTSEV\DESKTOP\BALL_PATH_WIN\DEBUG\PROC_DMAP_FILE.OBJ
C:\Users\ivan.starodubtsev\Desktop\ball_path_win\Debug\rc.command.1.tlog
C:\Users\ivan.starodubtsev\Desktop\ball_path_win\Debug\rc.read.1.tlog
C:\Users\ivan.starodubtsev\Desktop\ball_path_win\Debug\rc.write.1.tlog
C:\Users\ivan.starodubtsev\Desktop\ball_path_win\Debug\vc100.idb
C:\USERS\IVAN.STARODUBTSEV\DESKTOP\BALL_PATH_WIN\DEBUG\VC100.PDB
